Sun 20:10: ########################################## 
Sun 20:10: Compiling.
Sun 20:10: ########################################## 

Sun 20:10: MaxCompiler version: 2012.2.
Sun 20:10: Build DFE run rule for monpro3 start time: Sun Mar 31 20:10:11 BST 2013.
Sun 20:10: Project location: /home/bezanic/workspace/monpro3.
Sun 20:10: Detailed build log: /home/bezanic/workspace/monpro3/RunRules/DFE/build.log.

Sun 20:10: Compiling Engine Code.
Sun 20:10: Engine building skipped (no changes on .max files).
Sun 20:10: Compiling CPU Code.
Sun 20:10: Run CPU project make files updating
Sun 20:10: Executing command:
Sun 20:10: java -jar /opt/maxeler/maxcompiler-2012.2/lib/MaxIDE/projectAdmin.jar -u /home/bezanic/workspace/monpro3 DFE 
Sun 20:10: Command output:

Sun 20:10: MaxCompiler Project Admin Tool Version 2012.2
Sun 20:10:  Copyright Maxeler Technologies 2010 - 2012. All rights reserved.
Sun 20:10: Updating RunRule dependant Makefiles for RunRule 'DFE'
Sun 20:10: Found makefiles: 1
Sun 20:10: 	Updated: DFE
Sun 20:10: Run CPU make.
Sun 20:10: make RUNRULE=DFE 
Sun 20:10: Command output:
Sun 20:10: make -f Makefile ../RunRules/DFE/binaries/monprox2
Sun 20:10: make[1]: Entering directory `/home/bezanic/workspace/monpro3/CPUCode'
Sun 20:10: cc -g -O3 -Wall -Wextra -fmessage-length=0 -I ../RunRules/DFE/include -I. -I/opt/maxeler/maxeleros/include -I/opt/maxeler/maxcompiler-2012.2/include/slic -D_XOPEN_SOURCE=600  -std=c99 -DBUILDNAME_MAXFILE_1=monprox2 -DMAXFILE_1="monprox2.max"  -o "../RunRules/DFE/objects/monprox2CpuCode.o" -c "monprox2CpuCode.c"
Sun 20:10: monprox2CpuCode.c: In function 'setVectors':
Sun 20:10: monprox2CpuCode.c:142: warning: comparison between signed and unsigned integer expressions
Sun 20:10: monprox2CpuCode.c:212: warning: comparison between signed and unsigned integer expressions
Sun 20:10: monprox2CpuCode.c: In function 'main':
Sun 20:10: monprox2CpuCode.c:308: warning: comparison between signed and unsigned integer expressions
Sun 20:10: monprox2CpuCode.c:311: warning: format '%lld' expects type 'long long int', but argument 2 has type 'uint64_t'
Sun 20:10: monprox2CpuCode.c:316: warning: comparison between signed and unsigned integer expressions
Sun 20:10: monprox2CpuCode.c:291: warning: unused parameter 'argc'
Sun 20:10: monprox2CpuCode.c:291: warning: unused parameter 'argv'
Sun 20:10: cc -g -O3 -Wall -Wextra -fmessage-length=0 -I ../RunRules/DFE/include -I. -I/opt/maxeler/maxeleros/include -I/opt/maxeler/maxcompiler-2012.2/include/slic -D_XOPEN_SOURCE=600  -std=c99 -DBUILDNAME_MAXFILE_1=monprox2 -DMAXFILE_1="monprox2.max"  -MM -MP -MT "../RunRules/DFE/objects/monprox2CpuCode.o" "monprox2CpuCode.c" > "../RunRules/DFE/objects/monprox2CpuCode.d"
Sun 20:10: cc ../RunRules/DFE/objects/monprox2CpuCode.o ../RunRules/DFE/objects/slic_monprox2.o  -L/opt/maxeler/maxcompiler-2012.2/lib -L/opt/maxeler/maxeleros/lib -lslic -lmaxeleros -lm -lpthread  -o "../RunRules/DFE/binaries/monprox2"
Sun 20:10: make[1]: Leaving directory `/home/bezanic/workspace/monpro3/CPUCode'
Sun 20:10: Build completed: Sun Mar 31 20:10:11 BST 2013


Sun 20:10: ########################################## 
Sun 20:10: Running
Sun 20:10: ########################################## 
Sun 20:10: Executing command:
Sun 20:10: '/home/bezanic/workspace/monpro3/RunRules/DFE/binaries/monprox2' 
Sun 20:10: Command output:
Sun 20:10: Running DFESun 20:10: It took me 56232539800 clicks (2.10591e+10 ns).Sun 20:10: Verifying outputSun 20:10: Test passed OK!