Tue 13:10: PROGRESS: MaxCompiler version: 2012.2
Tue 13:10: PROGRESS: Build "monpro" start time: Tue Feb 26 13:10:31 GMT 2013
Tue 13:10: PROGRESS: Main build process running as user bezanic on host <unknown host>
Tue 13:10: INFO    : Loading build properties from bundled MaxCompiler_build.conf...
Tue 13:10: INFO    : Loading default build properties from /opt/maxeler/MaxCompiler_build.conf
Tue 13:10: INFO    : User build properties not found in file: /home/bezanic/.MaxCompiler_build_user.conf
Tue 13:10: INFO    : No user-specified external build property file has been specified.
Tue 13:10: INFO    : (Set environment variable MAXCOMPILER_BUILD_CONF_FILE to assign one)
Tue 13:10: PROGRESS: Build location: /home/bezanic/workspace/monpro2/RunRules/Simulation/maxfiles/monpro_MAX3424A_DFE_SIM
Tue 13:10: PROGRESS: Detailed build log available in "_build.log"
Tue 13:10: INFO    : Created build manager monpro (monpro_MAX3424A_DFE_SIM Tue Feb 26 13:10:31 GMT 2013). (13:10:32 26/02/13)
Tue 13:10: INFO    : Working in dir: /home/bezanic/workspace/monpro2/RunRules/Simulation/maxfiles/monpro_MAX3424A_DFE_SIM
Tue 13:10: INFO    : Java class path (2 paths):
Tue 13:10: INFO    : 	/home/bezanic/workspace/monpro2/EngineCode/bin
Tue 13:10: INFO    : 	/opt/maxeler/maxcompiler-2012.2/lib/MaxCompiler.jar
Tue 13:10: INFO    : Java process started by 'main' method in class 'monpro.monproManager'.
Tue 13:10: INFO    : build.arbitrated_core_cache parameter is blank, not using core-cache
Tue 13:10: INFO    : Checking license files in directory: /opt/maxeler/maxcompiler-2012.2/licenses
Tue 13:10: INFO    : All license signatures valid.
Tue 13:10: INFO    : Backing-up source-files (old source files in build directory will be removed first)...
Tue 13:10: INFO    : Source directories: /home/bezanic/workspace/monpro2/EngineCode/src:
Tue 13:10: INFO    : Deleting directory: src
Tue 13:10: PROGRESS: Instantiating manager
Tue 13:10: USER    : 
Tue 13:10: USER    : ENGINE BUILD PARAMETERS
Tue 13:10: USER    : 	 Build name: monpro_MAX3424A_DFE_SIM
Tue 13:10: USER    : 	   DFEModel: MAX3424A               
Tue 13:10: USER    : 	maxFileName: monpro                 
Tue 13:10: USER    : 	     target: DFE_SIM                
Tue 13:10: INFO    : Deleting /home/bezanic/workspace/monpro2/RunRules/Simulation/maxfiles/monpro_MAX3424A_DFE_SIM/scratch/monproKernel.graphs
Tue 13:10: PROGRESS: Instantiating kernel "monproKernel"
Tue 13:10: PROGRESS: Compiling manager (CPU I/O Only)
Tue 13:10: PROGRESS: 
Tue 13:10: PROGRESS: Compiling kernel "monproKernel"
Tue 13:10: INFO    : Configuration:
Tue 13:10: INFO    : 	KernelConfiguration.allowDSPCascading = true                                                [Init: true]
Tue 13:10: INFO    : 	KernelConfiguration.allowInputsOutputsBeforeFlushNode = false                               [Init: false]
Tue 13:10: INFO    : 	KernelConfiguration.allowZeroLatencyNodeHold = false                                        [Init: false]
Tue 13:10: INFO    : 	KernelConfiguration.board = MAX3424A                                                        [Init: MAX2116B, change: MAX3424A]
Tue 13:10: INFO    : 	KernelConfiguration.bramBitsThreshold = 2080                                                [Init: 2080]
Tue 13:10: INFO    : 	KernelConfiguration.buildTarget = MAXCOMPILERSIM_HOST_DRIVEN                                [Init: NONE, change: MAXCOMPILERSIM_HOST_DRIVEN]
Tue 13:10: INFO    : 	KernelConfiguration.cePipelining = 2                                                        [Init: 2]
Tue 13:10: INFO    : 	KernelConfiguration.clockPhaseBalanceThreshold = 0.1                                        [Init: 0.1]
Tue 13:10: INFO    : 	KernelConfiguration.clockPhasingRetries = 50                                                [Init: 50]
Tue 13:10: INFO    : 	KernelConfiguration.dumpNeighboursString =                                                  [Init: ]
Tue 13:10: INFO    : 	KernelConfiguration.enableCeReplication = true                                              [Init: true]
Tue 13:10: INFO    : 	KernelConfiguration.enableClockPhasePartitioning = false                                    [Init: false]
Tue 13:10: INFO    : 	KernelConfiguration.enableDebugIOControlRegs = true                                         [Init: true]
Tue 13:10: INFO    : 	KernelConfiguration.enableDummyBuild = false                                                [Init: false]
Tue 13:10: INFO    : 	KernelConfiguration.enableKernelProfiler = false                                            [Init: false]
Tue 13:10: INFO    : 	KernelConfiguration.enablePipelinedComputeController = false                                [Init: false]
Tue 13:10: INFO    : 	KernelConfiguration.enableShadowRegister = false                                            [Init: false]
Tue 13:10: INFO    : 	KernelConfiguration.fifoSrlRegisterStages = 1                                               [Init: 1]
Tue 13:10: INFO    : 	KernelConfiguration.flushOnInputDataCongtiguous = false                                     [Init: false]
Tue 13:10: INFO    : 	KernelConfiguration.forceStatefulNodesWithoutResetAfterFlush = true                         [Init: true]
Tue 13:10: INFO    : 	KernelConfiguration.hardwareDebugDepth = 512                                                [Init: 512]
Tue 13:10: INFO    : 	KernelConfiguration.hwHierarchyMode = UNSET                                                 [Init: UNSET]
Tue 13:10: INFO    : 	KernelConfiguration.latencyAnnotation = false                                               [Init: false]
Tue 13:10: INFO    : 	KernelConfiguration.latencyAnnotationIOs =                                                  [Init: null]
Tue 13:10: INFO    : 	KernelConfiguration.maxCoalescedFifoWidth = 2147483647                                      [Init: 2147483647]
Tue 13:10: INFO    : 	KernelConfiguration.maxPreAdderFanOut = 1                                                   [Init: 1]
Tue 13:10: INFO    : 	KernelConfiguration.netlistMode = false                                                     [Init: false]
Tue 13:10: INFO    : 	KernelConfiguration.numPhotonStateMachines = 1                                              [Init: 1]
Tue 13:10: INFO    : 	KernelConfiguration.optimizations.ceCounterRegisterDuplication = 1                          [Init: 1]
Tue 13:10: INFO    : 	KernelConfiguration.optimizations.conditionalArithmetic = true                              [Init: true]
Tue 13:10: INFO    : 	KernelConfiguration.optimizations.counterChainWrapPipelining = 0                            [Init: 0]
Tue 13:10: INFO    : 	KernelConfiguration.optimizations.dspAddChain = OPTIMISE                                    [Init: null, Init after BuildTarget change: OPTIMISE]
Tue 13:10: INFO    : 	KernelConfiguration.optimizations.enableBUFGCE = false                                      [Init: false]
Tue 13:10: INFO    : 	KernelConfiguration.optimizations.enableBetterInputRegistering = false                      [Init: false]
Tue 13:10: INFO    : 	KernelConfiguration.optimizations.enableBetterRegistering = false                           [Init: false]
Tue 13:10: INFO    : 	KernelConfiguration.optimizations.enableFIFOCoalescingAcrossPlacementConstraints = false    [Init: false]
Tue 13:10: INFO    : 	KernelConfiguration.optimizations.enableFifoCoalescing = true                               [Init: true]
Tue 13:10: INFO    : 	KernelConfiguration.optimizations.enableFullPrecisionBinaryOpConstants = false              [Init: false]
Tue 13:10: INFO    : 	KernelConfiguration.optimizations.enableMappedMemoryHostReadBack = true                     [Init: true]
Tue 13:10: INFO    : 	KernelConfiguration.optimizations.enableMultiCycleReset = false                             [Init: false]
Tue 13:10: INFO    : 	KernelConfiguration.optimizations.enablePowerTwoFloatMult = true                            [Init: true]
Tue 13:10: INFO    : 	KernelConfiguration.optimizations.enableStateMachineRegisterMerging = true                  [Init: true]
Tue 13:10: INFO    : 	KernelConfiguration.optimizations.inputFlushDistanceFactor = 0                              [Init: 0]
Tue 13:10: INFO    : 	KernelConfiguration.optimizations.triAdd = true                                             [Init: true]
Tue 13:10: INFO    : 	KernelConfiguration.replicateNodeCeLog2NumPartitions = 0                                    [Init: 0]
Tue 13:10: INFO    : 	KernelConfiguration.romBRAMBitsThreshold = 2080                                             [Init: 2080]
Tue 13:10: INFO    : 	KernelConfiguration.simulation.ramAddressCollisionBehaviour = EXCEPTION                     [Init: EXCEPTION]
Tue 13:10: INFO    : 	KernelConfiguration.simulation.ramOutOfBoundsAccessBehaviour = EXCEPTION                    [Init: EXCEPTION]
Tue 13:10: INFO    : 	KernelConfiguration.simulation.simProgressMessageFrequency = 0                              [Init: 0]
Tue 13:10: INFO    : 
Tue 13:10: INFO    :  -- 
Tue 13:10: INFO    : Writing current graph to: monproKernel_original.pxg
Tue 13:10: INFO    : Running kernel graph-pass 'GeneratePXG'.
Tue 13:10: INFO    : Graph-pass 'GeneratePXG' took 156.648 ms (1 iterations)
Tue 13:10: INFO    : Running kernel graph-pass 'ReachabilityPass'.
Tue 13:10: INFO    : Graph-pass 'ReachabilityPass' took 3.09577 ms (1 iterations)
Tue 13:10: INFO    : Running kernel graph-pass 'FindInputsLeadingToFlush'.
Tue 13:10: INFO    : Graph-pass 'FindInputsLeadingToFlush' took 91.0760 탎 (1 iterations)
Tue 13:10: INFO    : Running kernel graph-pass 'CheckForFlushNodeViolations'.
Tue 13:10: INFO    : Graph-pass 'CheckForFlushNodeViolations' took 704.641 탎 (1 iterations)
Tue 13:10: INFO    : Deleting directory: neighbours
Tue 13:10: INFO    : Running Photon pre-schedule graph optimisations
Tue 13:10: INFO    : Running kernel graph-pass 'AlignOrEradicatePrintfs'.
Tue 13:10: INFO    : Graph-pass 'AlignOrEradicatePrintfs' took 661.015 탎 (1 iterations)
Tue 13:10: INFO    : Running kernel graph-pass 'FoldConstantsPass'.
Tue 13:10: INFO    : Graph-pass 'FoldConstantsPass' took 17.1127 ms (2 iterations)
Tue 13:10: INFO    : Running kernel graph-pass 'OptimiseNodesPass'.
Tue 13:10: INFO    : Graph-pass 'OptimiseNodesPass' took 32.1382 ms (2 iterations)
Tue 13:10: INFO    : Running kernel graph-pass 'TriAddExtractionPass'.
Tue 13:10: INFO    : Graph-pass 'TriAddExtractionPass' took 1.30919 ms (1 iterations)
Tue 13:10: INFO    : Running kernel graph-pass 'DSPMultiplyAddExtractionPass'.
Tue 13:10: INFO    : Optimized 0 sub-graphs into DSP multiply/add chains (Virtex6 mode).
Tue 13:10: INFO    : Graph-pass 'DSPMultiplyAddExtractionPass' took 12.8128 ms (1 iterations)
Tue 13:10: INFO    : Running kernel graph-pass 'ConditionalAddExtractionPass'.
Tue 13:10: INFO    : Optimized 0 sub-graphs into conditional adds/subs/triadds.
Tue 13:10: INFO    : Graph-pass 'ConditionalAddExtractionPass' took 390.997 탎 (1 iterations)
Tue 13:10: INFO    : Running kernel graph-pass 'PO2FPMultOptimiser'.
Tue 13:10: INFO    : Graph-pass 'PO2FPMultOptimiser' took 110.680 탎 (1 iterations)
Tue 13:10: INFO    : Running Photon simulation preparation
Tue 13:10: INFO    : Running kernel graph-pass 'PrepareSimulationPass'.
Tue 13:10: INFO    : Graph-pass 'PrepareSimulationPass' took 99.3410 탎 (1 iterations)
Tue 13:10: INFO    : Logging Photon stats to: monproKernel_photon_stats.csv
Tue 13:10: INFO    : Deleting /home/bezanic/workspace/monpro2/RunRules/Simulation/maxfiles/monpro_MAX3424A_DFE_SIM/scratch/monproKernel_photon_stats.csv
Tue 13:10: INFO    : Running kernel graph-pass 'StatsPass'.
Tue 13:10: INFO    : Graph-pass 'StatsPass' took 1.16902 ms (1 iterations)
Tue 13:10: INFO    : Running kernel graph-pass 'CollectNumericExceptions'.
Tue 13:10: INFO    : Graph-pass 'CollectNumericExceptions' took 99.1290 탎 (1 iterations)
Tue 13:10: INFO    : Running kernel graph-pass 'StreamOffsetDivExpand'.
Tue 13:10: INFO    : Graph-pass 'StreamOffsetDivExpand' took 65.5740 탎 (1 iterations)
Tue 13:10: INFO    : Running kernel graph-pass 'FindIllegalLoops'.
Tue 13:10: INFO    : Graph-pass 'FindIllegalLoops' took 736.015 탎 (1 iterations)
Tue 13:10: INFO    : Scheduling Photon graph (pass 1)
Tue 13:10: INFO    : Running kernel graph-pass 'MarkConstantPass'.
Tue 13:10: INFO    : Graph-pass 'MarkConstantPass' took 684.239 탎 (1 iterations)
Tue 13:10: INFO    : Running kernel graph-pass 'MIPScheduler'.
Tue 13:10: INFO    : Running command: "/opt/maxeler/maxcompiler-2012.2/bin/glpsol" --intopt  --model "scheduler.mod" --data "monproKernel_scheduler_1_C.dat" --display "monproKernel_scheduler_1_C.out" --log "monproKernel_scheduler_1_C.log"
Tue 13:10: INFO    : Checking for file hash changes...
Tue 13:10: INFO    : Hash changed for file: 'monproKernel_scheduler_1_C.dat'
Tue 13:10: INFO    : Reading model section from scheduler.mod...
Tue 13:10: INFO    : 95 lines were read
Tue 13:10: INFO    : Reading data section from monproKernel_scheduler_1_C.dat...
Tue 13:10: INFO    : 252 lines were read
Tue 13:10: INFO    : Generating schedulingEquation...
Tue 13:10: INFO    : Generating bufferingEquation...
Tue 13:10: INFO    : Generating afterFlushNode...
Tue 13:10: INFO    : Generating lockNodesAtSameTime...
Tue 13:10: INFO    : Generating forcePairConstraints...
Tue 13:10: INFO    : Generating autoVarLatencyUserMin...
Tue 13:10: INFO    : Generating autoVarLatencyUserMax...
Tue 13:10: INFO    : Generating fifos...
Tue 13:10: INFO    : Model has been successfully generated
Tue 13:10: INFO    : ipp_basic_tech:  1 row(s) and 1 column(s) removed
Tue 13:10: INFO    : ipp_reduce_bnds: 1 pass(es) made, 0 bound(s) reduced
Tue 13:10: INFO    : ipp_basic_tech:  0 row(s) and 0 column(s) removed
Tue 13:10: INFO    : ipp_reduce_coef: 1 pass(es) made, 0 coefficient(s) reduced
Tue 13:10: INFO    : lpx_intopt: presolved MIP has 89 rows, 68 columns, 221 non-zeros
Tue 13:10: INFO    : lpx_intopt: 68 integer columns, none of which are binary
Tue 13:10: INFO    : lpx_adv_basis: size of triangular part = 89
Tue 13:10: INFO    : Solving LP relaxation...
Tue 13:10: INFO    :       0:   objval =  -3.230000000e+02   infeas =   1.000000000e+00 (0)
Tue 13:10: INFO    :      63:   objval =   7.690000000e+02   infeas =   0.000000000e+00 (0)
Tue 13:10: INFO    : *    63:   objval =   7.690000000e+02   infeas =   0.000000000e+00 (0)
Tue 13:10: INFO    : *    67:   objval =   2.890000000e+02   infeas =   0.000000000e+00 (0)
Tue 13:10: INFO    : OPTIMAL SOLUTION FOUND
Tue 13:10: INFO    : Integer optimization begins...
Tue 13:10: INFO    : +    67: mip =     not found yet >=              -inf        (1; 0)
Tue 13:10: INFO    : +    67: >>>>>   2.890000000e+02 >=   2.890000000e+02   0.0% (1; 0)
Tue 13:10: INFO    : +    67: mip =   2.890000000e+02 >=     tree is empty   0.0% (0; 1)
Tue 13:10: INFO    : INTEGER OPTIMAL SOLUTION FOUND
Tue 13:10: INFO    : Time used:   0.0 secs
Tue 13:10: INFO    : Memory used: 0.4 Mb (449887 bytes)
Tue 13:10: INFO    : Model has been successfully processed
Tue 13:10: INFO    : Deleting /home/bezanic/workspace/monpro2/RunRules/Simulation/maxfiles/monpro_MAX3424A_DFE_SIM/scratch/monproKernel_schedule_report.csv
Tue 13:10: INFO    : Graph-pass 'MIPScheduler' took 48.6534 ms (1 iterations)
Tue 13:10: INFO    : Running kernel graph-pass 'SubstituteEqPlaceholders'.
Tue 13:10: INFO    : Graph-pass 'SubstituteEqPlaceholders' took 71.2610 탎 (1 iterations)
Tue 13:10: INFO    : Running kernel graph-pass 'ScheduleApplier'.
Tue 13:10: INFO    : Graph-pass 'ScheduleApplier' took 1.96852 ms (1 iterations)
Tue 13:10: INFO    : Running kernel graph-pass 'StatsPass'.
Tue 13:10: INFO    : Graph-pass 'StatsPass' took 790.302 탎 (1 iterations)
Tue 13:10: INFO    : Running kernel graph-pass 'ReachabilityPass'.
Tue 13:10: INFO    : Graph-pass 'ReachabilityPass' took 2.02000 ms (1 iterations)
Tue 13:10: INFO    : Running kernel graph-pass 'CheckForFlushNodeViolations'.
Tue 13:10: INFO    : Graph-pass 'CheckForFlushNodeViolations' took 179.774 탎 (1 iterations)
Tue 13:10: INFO    : Running Photon post-schedule graph optimisations (pass 1)
Tue 13:10: INFO    : Running kernel graph-pass 'TapFIFOsPass'.
Tue 13:10: INFO    : Graph-pass 'TapFIFOsPass' took 719.633 탎 (1 iterations)
Tue 13:10: INFO    : Running kernel graph-pass 'FoldFIFOsPass'.
Tue 13:10: INFO    : Graph-pass 'FoldFIFOsPass' took 308.496 탎 (1 iterations)
Tue 13:10: INFO    : Running kernel graph-pass 'ValidateFIFOs'.
Tue 13:10: INFO    : Graph-pass 'ValidateFIFOs' took 84.3820 탎 (1 iterations)
Tue 13:10: INFO    : Scheduling Photon graph (pass 2)
Tue 13:10: INFO    : Running kernel graph-pass 'MarkConstantPass'.
Tue 13:10: INFO    : Graph-pass 'MarkConstantPass' took 212.015 탎 (1 iterations)
Tue 13:10: INFO    : Running kernel graph-pass 'MIPScheduler'.
Tue 13:10: INFO    : Running command: "/opt/maxeler/maxcompiler-2012.2/bin/glpsol" --intopt  --model "scheduler.mod" --data "monproKernel_scheduler_2_C.dat" --display "monproKernel_scheduler_2_C.out" --log "monproKernel_scheduler_2_C.log"
Tue 13:10: INFO    : Checking for file hash changes...
Tue 13:10: INFO    : Hash changed for file: 'monproKernel_scheduler_2_C.dat'
Tue 13:10: INFO    : Reading model section from scheduler.mod...
Tue 13:10: INFO    : 95 lines were read
Tue 13:10: INFO    : Reading data section from monproKernel_scheduler_2_C.dat...
Tue 13:10: INFO    : 252 lines were read
Tue 13:10: INFO    : Generating schedulingEquation...
Tue 13:10: INFO    : Generating bufferingEquation...
Tue 13:10: INFO    : Generating afterFlushNode...
Tue 13:10: INFO    : Generating lockNodesAtSameTime...
Tue 13:10: INFO    : Generating forcePairConstraints...
Tue 13:10: INFO    : Generating autoVarLatencyUserMin...
Tue 13:10: INFO    : Generating autoVarLatencyUserMax...
Tue 13:10: INFO    : Generating fifos...
Tue 13:10: INFO    : Model has been successfully generated
Tue 13:10: INFO    : ipp_basic_tech:  1 row(s) and 1 column(s) removed
Tue 13:10: INFO    : ipp_reduce_bnds: 1 pass(es) made, 0 bound(s) reduced
Tue 13:10: INFO    : ipp_basic_tech:  0 row(s) and 0 column(s) removed
Tue 13:10: INFO    : ipp_reduce_coef: 1 pass(es) made, 0 coefficient(s) reduced
Tue 13:10: INFO    : lpx_intopt: presolved MIP has 89 rows, 68 columns, 221 non-zeros
Tue 13:10: INFO    : lpx_intopt: 68 integer columns, none of which are binary
Tue 13:10: INFO    : lpx_adv_basis: size of triangular part = 89
Tue 13:10: INFO    : Solving LP relaxation...
Tue 13:10: INFO    :       0:   objval =  -3.230000000e+02   infeas =   1.000000000e+00 (0)
Tue 13:10: INFO    :      63:   objval =   7.690000000e+02   infeas =   0.000000000e+00 (0)
Tue 13:10: INFO    : *    63:   objval =   7.690000000e+02   infeas =   0.000000000e+00 (0)
Tue 13:10: INFO    : *    67:   objval =   2.890000000e+02   infeas =   0.000000000e+00 (0)
Tue 13:10: INFO    : OPTIMAL SOLUTION FOUND
Tue 13:10: INFO    : Integer optimization begins...
Tue 13:10: INFO    : +    67: mip =     not found yet >=              -inf        (1; 0)
Tue 13:10: INFO    : +    67: >>>>>   2.890000000e+02 >=   2.890000000e+02   0.0% (1; 0)
Tue 13:10: INFO    : +    67: mip =   2.890000000e+02 >=     tree is empty   0.0% (0; 1)
Tue 13:10: INFO    : INTEGER OPTIMAL SOLUTION FOUND
Tue 13:10: INFO    : Time used:   0.0 secs
Tue 13:10: INFO    : Memory used: 0.4 Mb (449887 bytes)
Tue 13:10: INFO    : Model has been successfully processed
Tue 13:10: INFO    : Deleting /home/bezanic/workspace/monpro2/RunRules/Simulation/maxfiles/monpro_MAX3424A_DFE_SIM/scratch/monproKernel_schedule_report.csv
Tue 13:10: INFO    : Graph-pass 'MIPScheduler' took 41.2644 ms (1 iterations)
Tue 13:10: INFO    : Running kernel graph-pass 'RemoveDistMeasurementNodes'.
Tue 13:10: INFO    : Graph-pass 'RemoveDistMeasurementNodes' took 15.7390 탎 (1 iterations)
Tue 13:10: INFO    : Running kernel graph-pass 'SubstituteEqPlaceholders'.
Tue 13:10: INFO    : Graph-pass 'SubstituteEqPlaceholders' took 53.4960 탎 (1 iterations)
Tue 13:10: INFO    : Running kernel graph-pass 'ScheduleApplier'.
Tue 13:10: INFO    : Graph-pass 'ScheduleApplier' took 16.1091 ms (1 iterations)
Tue 13:10: INFO    : Maximum stream latency for kernel 'monproKernel': 21
Tue 13:10: INFO    : Using user logic for flush.
Tue 13:10: INFO    : Running kernel graph-pass 'StatsPass'.
Tue 13:10: INFO    : Graph-pass 'StatsPass' took 898.100 탎 (1 iterations)
Tue 13:10: INFO    : Running Photon post-schedule graph optimisations (pass 2)
Tue 13:10: INFO    : Running kernel graph-pass 'TapFIFOsPass'.
Tue 13:10: INFO    : Graph-pass 'TapFIFOsPass' took 10.4202 ms (2 iterations)
Tue 13:10: INFO    : Running kernel graph-pass 'FoldFIFOsPass'.
Tue 13:10: INFO    : Graph-pass 'FoldFIFOsPass' took 412.591 탎 (1 iterations)
Tue 13:10: INFO    : Running kernel graph-pass 'MarkConstantPass'.
Tue 13:10: INFO    : Graph-pass 'MarkConstantPass' took 200.784 탎 (1 iterations)
Tue 13:10: INFO    : Running kernel graph-pass 'ScheduleAsserter'.
Tue 13:10: INFO    : Graph-pass 'ScheduleAsserter' took 536.444 탎 (1 iterations)
Tue 13:10: INFO    : Running kernel graph-pass 'ReplaceEvalStreamOffsetNodes'.
Tue 13:10: INFO    : Graph-pass 'ReplaceEvalStreamOffsetNodes' took 85.4680 탎 (1 iterations)
Tue 13:10: INFO    : Running kernel graph-pass 'FIFOReport'.
Tue 13:10: INFO    : Graph-pass 'FIFOReport' took 1.25154 ms (1 iterations)
Tue 13:10: INFO    : Running kernel graph-pass 'StatsPass'.
Tue 13:10: INFO    : Graph-pass 'StatsPass' took 817.604 탎 (1 iterations)
Tue 13:10: INFO    : Running kernel graph-pass 'RemoveUntypedConstants'.
Tue 13:10: INFO    : Graph-pass 'RemoveUntypedConstants' took 10.1229 ms (1 iterations)
Tue 13:10: INFO    : Running kernel graph-pass 'VariableSizeMappedRegInserter'.
Tue 13:10: INFO    : Graph-pass 'VariableSizeMappedRegInserter' took 88.3070 탎 (1 iterations)
Tue 13:10: INFO    : Running kernel graph-pass 'MarkConstantPass'.
Tue 13:10: INFO    : Graph-pass 'MarkConstantPass' took 191.946 탎 (1 iterations)
Tue 13:10: INFO    : Running kernel graph-pass 'MakeMaxFileNodeData'.
Tue 13:10: INFO    : Graph-pass 'MakeMaxFileNodeData' took 2.47378 ms (1 iterations)
Tue 13:10: INFO    : Running kernel graph-pass 'MoveFanoutRegsForwards'.
Tue 13:10: INFO    : Graph-pass 'MoveFanoutRegsForwards' took 76.8430 탎 (1 iterations)
Tue 13:10: INFO    : Optimization report for Kernel 'monproKernel'.
Tue 13:10: INFO    : Enabled optimizations:
Tue 13:10: INFO    : 	Tri-Adder
Tue 13:10: INFO    : 	DSP-Multiplication
Tue 13:10: INFO    : 	Conditional (Tri)Adds/Subs/AddSubs
Tue 13:10: INFO    : 	Power-of-2 Floating Point
Tue 13:10: INFO    : Creating a preliminary MaxCompilerDesignData.dat. (@ CoreCompile monproKernel)
Tue 13:10: INFO    : Deleting /home/bezanic/workspace/monpro2/RunRules/Simulation/maxfiles/monpro_MAX3424A_DFE_SIM/scratch/MaxCompilerDesignData.dat
Tue 13:10: INFO    : Running kernel graph-pass 'MarkConstantPass'.
Tue 13:10: INFO    : Graph-pass 'MarkConstantPass' took 177.249 탎 (1 iterations)
Tue 13:10: INFO    : Running kernel graph-pass 'MaxConstantLatency'.
Tue 13:10: INFO    : Graph-pass 'MaxConstantLatency' took 585.845 탎 (1 iterations)
Tue 13:10: INFO    : Running kernel graph-pass 'SimCodeGraphPass'.
Tue 13:10: INFO    : Graph-pass 'SimCodeGraphPass' took 10.0857 ms (1 iterations)
Tue 13:10: INFO    : Writing current graph to: monproKernel_final-simulation.pxg
Tue 13:10: INFO    : Running kernel graph-pass 'GeneratePXG'.
Tue 13:10: INFO    : Graph-pass 'GeneratePXG' took 43.4179 ms (1 iterations)
Tue 13:10: INFO    : Deleting /home/bezanic/workspace/monpro2/RunRules/Simulation/maxfiles/monpro_MAX3424A_DFE_SIM/scratch/Manager_monpro.graphs
Tue 13:10: INFO    : Running manager compiler graph-pass: GenerateMXGInfo
Tue 13:10: INFO    : Running manager compiler graph-pass: CalculateBandwidthForward
Tue 13:10: INFO    : Running manager compiler graph-pass: CalculateBandwidthBackward
Tue 13:10: INFO    : Running manager compiler graph-pass: ScheduleStallLatency
Tue 13:10: INFO    : Running manager compiler graph-pass: ClockWidthAssignment
Tue 13:10: INFO    : Running manager compiler graph-pass: InsertDualAspectLogic
Tue 13:10: INFO    : Running manager compiler graph-pass: ClockWidthAssignment
Tue 13:10: INFO    : Running manager compiler graph-pass: InsertPullPushAdapter
Tue 13:10: INFO    : Running manager compiler graph-pass: ClockWidthAssignment
Tue 13:10: INFO    : Running manager compiler graph-pass: InsertStreamFifos
Tue 13:10: INFO    : Running manager compiler graph-pass: ClockWidthAssignment
Tue 13:10: INFO    : Running manager compiler graph-pass: InsertStreamStatus
Tue 13:10: INFO    : Running manager compiler graph-pass: ClockWidthAssignment
Tue 13:10: INFO    : Running manager compiler graph-pass: FindKernels
Tue 13:10: INFO    : Running manager compiler graph-pass: BuildSoftwareSim
Tue 13:10: INFO    : Mapped register report:
Tue 13:10: INFO    : 	0	a	4bytes
Tue 13:10: INFO    : 	4	io_b_force_disabled	1bytes
Tue 13:10: INFO    : 	5	io_x_force_disabled	1bytes
Tue 13:10: INFO    : 	6	io_y_force_disabled	1bytes
Tue 13:10: INFO    : 	7	run_cycle_count	6bytes
Tue 13:10: INFO    : 	d	current_run_cycle_count	6bytes
Tue 13:10: INFO    : 	13	monproKernel_dbg_ctld_almost_empty	1bytes
Tue 13:10: INFO    : 	14	monproKernel_dbg_ctld_done	1bytes
Tue 13:10: INFO    : 	15	monproKernel_dbg_ctld_empty	1bytes
Tue 13:10: INFO    : 	16	monproKernel_dbg_ctld_read	1bytes
Tue 13:10: INFO    : 	17	monproKernel_dbg_ctld_read_pipe_dbg	1bytes
Tue 13:10: INFO    : 	18	monproKernel_dbg_ctld_request	1bytes
Tue 13:10: INFO    : 	19	monproKernel_dbg_done_out	1bytes
Tue 13:10: INFO    : 	1a	monproKernel_dbg_fill_level	1bytes
Tue 13:10: INFO    : 	1b	monproKernel_dbg_flush_level	1bytes
Tue 13:10: INFO    : 	1c	monproKernel_dbg_flush_start	1bytes
Tue 13:10: INFO    : 	1d	monproKernel_dbg_flush_start_level	1bytes
Tue 13:10: INFO    : 	1e	monproKernel_dbg_flushing	1bytes
Tue 13:10: INFO    : 	1f	monproKernel_dbg_full_level	1bytes
Tue 13:10: INFO    : 	20	monproKernel_dbg_out_stall	1bytes
Tue 13:10: INFO    : 	21	monproKernel_dbg_out_valid	1bytes
Tue 13:10: INFO    : 	22	monproKernel_dbg_stall_vector	1bytes
Tue 13:10: INFO    : 	23	ifpga_ctrl	1bytes
Tue 13:10: INFO    : 	24	SFA_FORWARD_EN	4bytes
Tue 13:10: INFO    : Mapped register chain length = 40
Tue 13:10: INFO    : Mapped memory report:
Tue 13:10: INFO    : 	No mapped memories in this design.
Tue 13:10: INFO    : Running manager compiler graph-pass: GenerateMXGInfo
Tue 13:10: INFO    : Running manager compiler graph-pass: GenerateSlicHostCode
Tue 13:10: INFO    : Generating SLIC interface information
Tue 13:10: INFO    : Generating SLIC code for interface 'default'
Tue 13:10: INFO    : Skipping blacklisted scalar parameter 'monproKernel.current_run_cycle_count'
Tue 13:10: INFO    : Interface 'default' depends on parameter 'N'
Tue 13:10: INFO    : Generating XML description for Maxfile
Tue 13:10: INFO    : Generating XML description for mode 'default'
Tue 13:10: INFO    : Skipping blacklisted scalar parameter 'monproKernel.current_run_cycle_count'
Tue 13:10: INFO    : Interface 'default' depends on parameter 'N'
Tue 13:10: INFO    : Adding SLIC sections to the maxfile
Tue 13:10: INFO    : Generating SLIC include file
Tue 13:10: INFO    : Done generating SLIC interface information
Tue 13:10: PROGRESS: Running back-end simulation build (3 phases)
Tue 13:10: PROGRESS: (1/3) - Prepare MaxFile Data (GenerateMaxFileDataFile)
Tue 13:10: INFO    : Build pass 'GenerateMaxFileDataFile' took 2.84331 ms.
Tue 13:10: PROGRESS: (2/3) - Compile Simulation Modules (SimCompilePass)
Tue 13:10: INFO    : Running command: make -j2
Tue 13:10: INFO    : Checking for file hash changes...
Tue 13:10: INFO    : Hash changed for file: 'tmp_resource_dump/monproKernel_exec0.cpp'
Tue 13:10: INFO    : Hash changed for file: 'tmp_resource_dump/monproKernel.h'
Tue 13:10: INFO    : Hash changed for file: 'tmp_resource_dump/monproKernel.cpp'
Tue 13:10: INFO    : Hash changed for file: 'tmp_resource_dump/monproKernel_Templates.cpp'
Tue 13:10: INFO    : Hash changed for file: '../../MaxCompilerDesignData.dat'
Tue 13:10: INFO    : /opt/maxeler/maxcompiler-2012.2/lib/gcc/bin/g++ -c -fPIC -D__USE_XOPEN2K8 -O3  -I. -I/opt/maxeler/maxcompiler-2012.2/lib/boost/include -I/opt/maxeler/maxcompiler-2012.2/lib/maxeleros-sim/include -I/opt/maxeler/maxcompiler-2012.2/lib/lwip_sim -I/opt/maxeler/maxcompiler-2012.2/lib/lwip_sim/include -I/opt/maxeler/maxcompiler-2012.2/lib/lwip_sim/include/arch -I/opt/maxeler/maxcompiler-2012.2/lib/lwip_sim/include/ipv4  -DHAVE_KERNELS -DMAXFILE_INC="../../MaxCompilerDesignData.dat" -g0  -DSLIC_NO_DECLARATIONS  -O0 -DOPTIMIZATION_LEVEL=0 -x c++-header \
Tue 13:10: INFO    : 		-o stdsimheader.h.gch/O0_stdsimheader.h.gch stdsimheader.h
Tue 13:10: INFO    : /opt/maxeler/maxcompiler-2012.2/lib/gcc/bin/g++ -c -fPIC -D__USE_XOPEN2K8 -O3  -I. -I/opt/maxeler/maxcompiler-2012.2/lib/boost/include -I/opt/maxeler/maxcompiler-2012.2/lib/maxeleros-sim/include -I/opt/maxeler/maxcompiler-2012.2/lib/lwip_sim -I/opt/maxeler/maxcompiler-2012.2/lib/lwip_sim/include -I/opt/maxeler/maxcompiler-2012.2/lib/lwip_sim/include/arch -I/opt/maxeler/maxcompiler-2012.2/lib/lwip_sim/include/ipv4  -DHAVE_KERNELS -DMAXFILE_INC="../../MaxCompilerDesignData.dat" -g0  -DSLIC_NO_DECLARATIONS  -fno-implicit-templates -O2 -DOPTIMIZATION_LEVEL=2 -x c++-header \
Tue 13:10: INFO    : 		-o stdsimheader.h.gch/NoTplInst_O2_stdsimheader.h.gch stdsimheader.h
Tue 13:10: INFO    : make monpro.so
Tue 13:10: INFO    : make[1]: Entering directory `/home/bezanic/workspace/monpro2/RunRules/Simulation/maxfiles/monpro_MAX3424A_DFE_SIM/scratch/software-sim/build'
Tue 13:10: INFO    : /opt/maxeler/maxcompiler-2012.2/lib/gcc/bin/g++ -c -fPIC -D__USE_XOPEN2K8 -O3  -I. -I/opt/maxeler/maxcompiler-2012.2/lib/boost/include -I/opt/maxeler/maxcompiler-2012.2/lib/maxeleros-sim/include -I/opt/maxeler/maxcompiler-2012.2/lib/lwip_sim -I/opt/maxeler/maxcompiler-2012.2/lib/lwip_sim/include -I/opt/maxeler/maxcompiler-2012.2/lib/lwip_sim/include/arch -I/opt/maxeler/maxcompiler-2012.2/lib/lwip_sim/include/ipv4  -DHAVE_KERNELS -DMAXFILE_INC="../../MaxCompilerDesignData.dat" -g0  -DSLIC_NO_DECLARATIONS  -fno-implicit-templates -O2 -DOPTIMIZATION_LEVEL=2 -o objdir/monproKernel_exec0.NoTplInst.O2.o monproKernel_exec0.cpp
Tue 13:10: INFO    : /opt/maxeler/maxcompiler-2012.2/lib/gcc/bin/g++ -c -fPIC -D__USE_XOPEN2K8 -O3  -I. -I/opt/maxeler/maxcompiler-2012.2/lib/boost/include -I/opt/maxeler/maxcompiler-2012.2/lib/maxeleros-sim/include -I/opt/maxeler/maxcompiler-2012.2/lib/lwip_sim -I/opt/maxeler/maxcompiler-2012.2/lib/lwip_sim/include -I/opt/maxeler/maxcompiler-2012.2/lib/lwip_sim/include/arch -I/opt/maxeler/maxcompiler-2012.2/lib/lwip_sim/include/ipv4  -DHAVE_KERNELS -DMAXFILE_INC="../../MaxCompilerDesignData.dat" -g0  -DSLIC_NO_DECLARATIONS  -O0 -DOPTIMIZATION_LEVEL=0 -o objdir/monproKernel.O0.o monproKernel.cpp
Tue 13:10: INFO    : /opt/maxeler/maxcompiler-2012.2/lib/gcc/bin/g++ -fPIC -D__USE_XOPEN2K8 -O3  -I. -I/opt/maxeler/maxcompiler-2012.2/lib/boost/include -I/opt/maxeler/maxcompiler-2012.2/lib/maxeleros-sim/include -I/opt/maxeler/maxcompiler-2012.2/lib/lwip_sim -I/opt/maxeler/maxcompiler-2012.2/lib/lwip_sim/include -I/opt/maxeler/maxcompiler-2012.2/lib/lwip_sim/include/arch -I/opt/maxeler/maxcompiler-2012.2/lib/lwip_sim/include/ipv4  -DHAVE_KERNELS -DMAXFILE_INC="../../MaxCompilerDesignData.dat" -g0  -DSLIC_NO_DECLARATIONS  -MM -MP -MT objdir/monproKernel_exec0.NoTplInst.O2.o \
Tue 13:10: INFO    : 		monproKernel_exec0.cpp > objdir/monproKernel_exec0.NoTplInst.O2.d
Tue 13:10: INFO    : /opt/maxeler/maxcompiler-2012.2/lib/gcc/bin/g++ -fPIC -D__USE_XOPEN2K8 -O3  -I. -I/opt/maxeler/maxcompiler-2012.2/lib/boost/include -I/opt/maxeler/maxcompiler-2012.2/lib/maxeleros-sim/include -I/opt/maxeler/maxcompiler-2012.2/lib/lwip_sim -I/opt/maxeler/maxcompiler-2012.2/lib/lwip_sim/include -I/opt/maxeler/maxcompiler-2012.2/lib/lwip_sim/include/arch -I/opt/maxeler/maxcompiler-2012.2/lib/lwip_sim/include/ipv4  -DHAVE_KERNELS -DMAXFILE_INC="../../MaxCompilerDesignData.dat" -g0  -DSLIC_NO_DECLARATIONS  -MM -MP -MT objdir/monproKernel.O0.o \
Tue 13:10: INFO    : 		monproKernel.cpp > objdir/monproKernel.O0.d
Tue 13:10: INFO    : /opt/maxeler/maxcompiler-2012.2/lib/gcc/bin/g++ -c -fPIC -D__USE_XOPEN2K8 -O3  -I. -I/opt/maxeler/maxcompiler-2012.2/lib/boost/include -I/opt/maxeler/maxcompiler-2012.2/lib/maxeleros-sim/include -I/opt/maxeler/maxcompiler-2012.2/lib/lwip_sim -I/opt/maxeler/maxcompiler-2012.2/lib/lwip_sim/include -I/opt/maxeler/maxcompiler-2012.2/lib/lwip_sim/include/arch -I/opt/maxeler/maxcompiler-2012.2/lib/lwip_sim/include/ipv4  -DHAVE_KERNELS -DMAXFILE_INC="../../MaxCompilerDesignData.dat" -g0  -DSLIC_NO_DECLARATIONS  -O2 -DOPTIMIZATION_LEVEL=2 -o objdir/monproKernel_Templates.O2.o monproKernel_Templates.cpp
Tue 13:10: INFO    : /opt/maxeler/maxcompiler-2012.2/lib/gcc/bin/g++ -c -fPIC -D__USE_XOPEN2K8 -O3  -I. -I/opt/maxeler/maxcompiler-2012.2/lib/boost/include -I/opt/maxeler/maxcompiler-2012.2/lib/maxeleros-sim/include -I/opt/maxeler/maxcompiler-2012.2/lib/lwip_sim -I/opt/maxeler/maxcompiler-2012.2/lib/lwip_sim/include -I/opt/maxeler/maxcompiler-2012.2/lib/lwip_sim/include/arch -I/opt/maxeler/maxcompiler-2012.2/lib/lwip_sim/include/ipv4  -DHAVE_KERNELS -DMAXFILE_INC="../../MaxCompilerDesignData.dat" -g0  -DSLIC_NO_DECLARATIONS  -O0 -DOPTIMIZATION_LEVEL=0 -o objdir/max_msi.O0.o max_msi.cpp
Tue 13:10: INFO    : /opt/maxeler/maxcompiler-2012.2/lib/gcc/bin/g++ -fPIC -D__USE_XOPEN2K8 -O3  -I. -I/opt/maxeler/maxcompiler-2012.2/lib/boost/include -I/opt/maxeler/maxcompiler-2012.2/lib/maxeleros-sim/include -I/opt/maxeler/maxcompiler-2012.2/lib/lwip_sim -I/opt/maxeler/maxcompiler-2012.2/lib/lwip_sim/include -I/opt/maxeler/maxcompiler-2012.2/lib/lwip_sim/include/arch -I/opt/maxeler/maxcompiler-2012.2/lib/lwip_sim/include/ipv4  -DHAVE_KERNELS -DMAXFILE_INC="../../MaxCompilerDesignData.dat" -g0  -DSLIC_NO_DECLARATIONS  -MM -MP -MT objdir/monproKernel_Templates.O2.o \
Tue 13:10: INFO    : 		monproKernel_Templates.cpp > objdir/monproKernel_Templates.O2.d
Tue 13:10: INFO    : /opt/maxeler/maxcompiler-2012.2/lib/gcc/bin/g++ -fPIC -D__USE_XOPEN2K8 -O3  -I. -I/opt/maxeler/maxcompiler-2012.2/lib/boost/include -I/opt/maxeler/maxcompiler-2012.2/lib/maxeleros-sim/include -I/opt/maxeler/maxcompiler-2012.2/lib/lwip_sim -I/opt/maxeler/maxcompiler-2012.2/lib/lwip_sim/include -I/opt/maxeler/maxcompiler-2012.2/lib/lwip_sim/include/arch -I/opt/maxeler/maxcompiler-2012.2/lib/lwip_sim/include/ipv4  -DHAVE_KERNELS -DMAXFILE_INC="../../MaxCompilerDesignData.dat" -g0  -DSLIC_NO_DECLARATIONS  -MM -MP -MT objdir/max_msi.O0.o \
Tue 13:10: INFO    : 		max_msi.cpp > objdir/max_msi.O0.d
Tue 13:10: INFO    : /opt/maxeler/maxcompiler-2012.2/lib/gcc/bin/g++ -fPIC -shared -L/opt/maxeler/maxcompiler-2012.2/lib/boost/lib -lboost_thread -lboost_system -lboost_filesystem -lrt -pthread -O2 -s -o monpro.so objdir/monproKernel_exec0.NoTplInst.O2.o objdir/monproKernel.O0.o objdir/monproKernel_Templates.O2.o objdir/max_msi.O0.o StructToGroupDummy.o Mux.o DualAspectMux.o Demux.o Fanout.o CapRegs.o IFPGARegs.o ChecksumMem.o PCIe.o KernelManagerBlockSync.o DualAspectReg.o PullPushAdapter.o FilePullSource.o max_shared_fifo.o SharedFIFO.o Fifos.o FilePushSink.o SimTerminator.o Watch.o StreamStatus.o RunLengthExpander.o ManagerBlock.o MappedElements.o ManagerSync.o PullSync.o PushSync.o DynamicVarUInt.o SimException.o DebugStreams.o AddressGenerator.o MemoryControllerPro.o MemoryControllerRAM.o MemoryControllerCommand.o MemoryControllerStreams.o MemoryControllerConfig.o TCP.o Ethernet.o Timestamp.o /opt/maxeler/maxcompiler-2012.2/lib/lwip_sim/lib/liblwip.a
Tue 13:10: INFO    : make[1]: Leaving directory `/home/bezanic/workspace/monpro2/RunRules/Simulation/maxfiles/monpro_MAX3424A_DFE_SIM/scratch/software-sim/build'
Tue 13:10: INFO    : Build pass 'SimCompilePass' took 8.26925 s.
Tue 13:10: PROGRESS: (3/3) - Generate MaxFile (AddSimObjectToMaxFilePass)
Tue 13:10: INFO    : Build pass 'AddSimObjectToMaxFilePass' took 447.642 ms.
Tue 13:10: INFO    : Final result files after build: 
Tue 13:10: INFO    : Running command: ln -sf "../scratch/monproKernel_Configuration.txt"
Tue 13:10: INFO    : monproKernel_Configuration.txt (BuildFile)
Tue 13:10: INFO    : Running command: ln -sf "../scratch/monproKernel_NodeDiary.txt"
Tue 13:10: INFO    : monproKernel_NodeDiary.txt (BuildFile)
Tue 13:10: INFO    : Running command: ln -sf "../scratch/monpro.xml"
Tue 13:10: INFO    : monpro.xml (BuildFile)
Tue 13:10: INFO    : Running command: ln -sf "../scratch/monpro.h"
Tue 13:10: INFO    : monpro.h (BuildFileSlicH)
Tue 13:10: INFO    : Running command: ln -sf "../scratch/monpro.max"
Tue 13:10: INFO    : monpro.max (BuildFileMaxFile)
Tue 13:10: PROGRESS: MaxFile: /home/bezanic/workspace/monpro2/RunRules/Simulation/maxfiles/monpro_MAX3424A_DFE_SIM/results/monpro.max (MD5Sum: fe7014d6fb5d163ddfc0f1fbcfd3cdb8)
Tue 13:10: INFO    : Waiting for any outstanding jobs to finish... 
Tue 13:10: PROGRESS: Build completed: Tue Feb 26 13:10:41 GMT 2013 (took 9 secs)
